<?xml version="1.0" encoding="UTF-8"?>
<testng-results ignored="0" total="1" passed="1" failed="0" skipped="0">
  <reporter-output>
  </reporter-output>
  <suite started-at="2021-09-25T20:49:37 CEST" name="GitHub Repository Suite" finished-at="2021-09-25T20:49:39 CEST" duration-ms="1407">
    <groups>
    </groups>
    <test started-at="2021-09-25T20:49:37 CEST" name="GitHub Repository" finished-at="2021-09-25T20:49:39 CEST" duration-ms="1407">
      <class name="tests.GitHubAPITest">
        <test-method signature="restapi()[pri:0, instance:tests.GitHubAPITest@29f69090]" started-at="2021-09-25T20:49:37 CEST" name="restapi" finished-at="2021-09-25T20:49:39 CEST" duration-ms="1341" status="PASS">
          <reporter-output>
          </reporter-output>
        </test-method> <!-- restapi -->
      </class> <!-- tests.GitHubAPITest -->
    </test> <!-- GitHub Repository -->
  </suite> <!-- GitHub Repository Suite -->
</testng-results>
