<?xml version="1.0" encoding="UTF-8"?>
<testsuite xmlns:xsi="http://www.w3.org/2001/XMLSchema-instance" xsi:noNamespaceSchemaLocation="https://maven.apache.org/surefire/maven-surefire-plugin/xsd/surefire-test-report-3.0.xsd" version="3.0" name="TestSuite" time="2.24" tests="1" errors="0" skipped="0" failures="0">
  <properties>
[...]
</properties>
  <testcase name="restapi" classname="tests.GitHubAPITest" time="1.395">
    <system-out><![CDATA[Query +++++++++++++++++++++++++  : HotelBookingapi_apifram
200
Response: {"total_count":1,"incomplete_results":false,"items":[{"id":396331625,"node_id":"MDEwOlJlcG9zaXRvcnkzOTYzMzE2MjU=","name":"HotelBookingAPI_APIFramework","full_name":"snehal-QA/HotelBookingAPI_APIFramework","private":false,"owner":{"login":"snehal-QA","id":26931801,"node_id":"MDQ6VXNlcjI2OTMxODAx","avatar_url":"https://avatars.githubusercontent.com/u/26931801?v=4","gravatar_id":"","url":"https://api.github.com/users/snehal-QA","html_url":"https://github.com/snehal-QA","followers_url":"https://api.github.com/users/snehal-QA/followers","following_url":"https://api.github.com/users/snehal-QA/following{/other_user}","gists_url":"https://api.github.com/users/snehal-QA/gists{/gist_id}","starred_url":"https://api.github.com/users/snehal-QA/starred{/owner}{/repo}","subscriptions_url":"https://api.github.com/users/snehal-QA/subscriptions","organizations_url":"https://api.github.com/users/snehal-QA/orgs","repos_url":"https://api.github.com/users/snehal-QA/repos","events_url":"https://api.github.com/users/snehal-QA/events{/privacy}","received_events_url":"https://api.github.com/users/snehal-QA/received_events","type":"User","site_admin":false},"html_url":"https://github.com/snehal-QA/HotelBookingAPI_APIFramework","description":null,"fork":false,"url":"https://api.github.com/repos/snehal-QA/HotelBookingAPI_APIFramework","forks_url":"https://api.github.com/repos/snehal-QA/HotelBookingAPI_APIFramework/forks","keys_url":"https://api.github.com/repos/snehal-QA/HotelBookingAPI_APIFramework/keys{/key_id}","collaborators_url":"https://api.github.com/repos/snehal-QA/HotelBookingAPI_APIFramework/collaborators{/collaborator}","teams_url":"https://api.github.com/repos/snehal-QA/HotelBookingAPI_APIFramework/teams","hooks_url":"https://api.github.com/repos/snehal-QA/HotelBookingAPI_APIFramework/hooks","issue_events_url":"https://api.github.com/repos/snehal-QA/HotelBookingAPI_APIFramework/issues/events{/number}","events_url":"https://api.github.com/repos/snehal-QA/HotelBookingAPI_APIFramework/events","assignees_url":"https://api.github.com/repos/snehal-QA/HotelBookingAPI_APIFramework/assignees{/user}","branches_url":"https://api.github.com/repos/snehal-QA/HotelBookingAPI_APIFramework/branches{/branch}","tags_url":"https://api.github.com/repos/snehal-QA/HotelBookingAPI_APIFramework/tags","blobs_url":"https://api.github.com/repos/snehal-QA/HotelBookingAPI_APIFramework/git/blobs{/sha}","git_tags_url":"https://api.github.com/repos/snehal-QA/HotelBookingAPI_APIFramework/git/tags{/sha}","git_refs_url":"https://api.github.com/repos/snehal-QA/HotelBookingAPI_APIFramework/git/refs{/sha}","trees_url":"https://api.github.com/repos/snehal-QA/HotelBookingAPI_APIFramework/git/trees{/sha}","statuses_url":"https://api.github.com/repos/snehal-QA/HotelBookingAPI_APIFramework/statuses/{sha}","languages_url":"https://api.github.com/repos/snehal-QA/HotelBookingAPI_APIFramework/languages","stargazers_url":"https://api.github.com/repos/snehal-QA/HotelBookingAPI_APIFramework/stargazers","contributors_url":"https://api.github.com/repos/snehal-QA/HotelBookingAPI_APIFramework/contributors","subscribers_url":"https://api.github.com/repos/snehal-QA/HotelBookingAPI_APIFramework/subscribers","subscription_url":"https://api.github.com/repos/snehal-QA/HotelBookingAPI_APIFramework/subscription","commits_url":"https://api.github.com/repos/snehal-QA/HotelBookingAPI_APIFramework/commits{/sha}","git_commits_url":"https://api.github.com/repos/snehal-QA/HotelBookingAPI_APIFramework/git/commits{/sha}","comments_url":"https://api.github.com/repos/snehal-QA/HotelBookingAPI_APIFramework/comments{/number}","issue_comment_url":"https://api.github.com/repos/snehal-QA/HotelBookingAPI_APIFramework/issues/comments{/number}","contents_url":"https://api.github.com/repos/snehal-QA/HotelBookingAPI_APIFramework/contents/{+path}","compare_url":"https://api.github.com/repos/snehal-QA/HotelBookingAPI_APIFramework/compare/{base}...{head}","merges_url":"https://api.github.com/repos/snehal-QA/HotelBookingAPI_APIFramework/merges","archive_url":"https://api.github.com/repos/snehal-QA/HotelBookingAPI_APIFramework/{archive_format}{/ref}","downloads_url":"https://api.github.com/repos/snehal-QA/HotelBookingAPI_APIFramework/downloads","issues_url":"https://api.github.com/repos/snehal-QA/HotelBookingAPI_APIFramework/issues{/number}","pulls_url":"https://api.github.com/repos/snehal-QA/HotelBookingAPI_APIFramework/pulls{/number}","milestones_url":"https://api.github.com/repos/snehal-QA/HotelBookingAPI_APIFramework/milestones{/number}","notifications_url":"https://api.github.com/repos/snehal-QA/HotelBookingAPI_APIFramework/notifications{?since,all,participating}","labels_url":"https://api.github.com/repos/snehal-QA/HotelBookingAPI_APIFramework/labels{/name}","releases_url":"https://api.github.com/repos/snehal-QA/HotelBookingAPI_APIFramework/releases{/id}","deployments_url":"https://api.github.com/repos/snehal-QA/HotelBookingAPI_APIFramework/deployments","created_at":"2021-08-15T11:40:36Z","updated_at":"2021-08-20T19:37:25Z","pushed_at":"2021-08-20T19:37:22Z","git_url":"git://github.com/snehal-QA/HotelBookingAPI_APIFramework.git","ssh_url":"git@github.com:snehal-QA/HotelBookingAPI_APIFramework.git","clone_url":"https://github.com/snehal-QA/HotelBookingAPI_APIFramework.git","svn_url":"https://github.com/snehal-QA/HotelBookingAPI_APIFramework","homepage":null,"size":716,"stargazers_count":0,"watchers_count":0,"language":"Java","has_issues":true,"has_projects":true,"has_downloads":true,"has_wiki":true,"has_pages":false,"forks_count":0,"mirror_url":null,"archived":false,"disabled":false,"open_issues_count":0,"license":null,"allow_forking":true,"forks":0,"open_issues":0,"watchers":0,"default_branch":"main","score":1.0}]}
]]></system-out>
  </testcase>
</testsuite>